kotlin version: 2.2.0
error message: java.lang.RuntimeException: Exception while generating code for:
FUN FUNCTION_FOR_DEFAULT_PARAMETER name:observeWithLifecycle$default visibility:public modality:FINAL returnType:kotlin.Unit [inline]
  TYPE_PARAMETER name:T index:0 variance: superTypes:[kotlin.Any?] reified:true
  VALUE_PARAMETER kind:ExtensionReceiver name:<this> index:0 type:kotlinx.coroutines.flow.Flow<T of test.citron.foundation.mvvm.StateFullViewModelKt.observeWithLifecycle$default>
  VALUE_PARAMETER kind:Regular name:lifecycleOwner index:1 type:androidx.lifecycle.LifecycleOwner? [assignable]
    EXPRESSION_BODY
      ERROR_EXPR 'Default Stub' type=androidx.lifecycle.LifecycleOwner
  VALUE_PARAMETER kind:Regular name:minActiveState index:2 type:androidx.lifecycle.Lifecycle.State? [assignable]
    EXPRESSION_BODY
      ERROR_EXPR 'Default Stub' type=androidx.lifecycle.Lifecycle.State
  VALUE_PARAMETER kind:Regular name:action index:3 type:kotlin.coroutines.SuspendFunction1<T of test.citron.foundation.mvvm.StateFullViewModelKt.observeWithLifecycle$default, kotlin.Unit> [noinline]
  VALUE_PARAMETER MASK_FOR_DEFAULT_FUNCTION kind:Regular name:$mask0 index:4 type:kotlin.Int
  VALUE_PARAMETER METHOD_HANDLER_IN_DEFAULT_FUNCTION kind:Regular name:$handler index:5 type:kotlin.Any?
  annotations:
    Composable
  BLOCK_BODY
    WHEN type=kotlin.Unit origin=null
      BRANCH
        if: CALL 'public final fun not (): kotlin.Boolean [operator] declared in kotlin.Boolean' type=kotlin.Boolean origin=EXCLEQ
          ARG <this>: CALL 'public final fun EQEQ (arg0: kotlin.Any?, arg1: kotlin.Any?): kotlin.Boolean declared in kotlin.internal.ir' type=kotlin.Boolean origin=EXCLEQ
            ARG arg0: CALL 'public final fun and (other: kotlin.Int): kotlin.Int [infix] declared in kotlin.Int' type=kotlin.Int origin=null
              ARG <this>: GET_VAR '$mask0: kotlin.Int declared in test.citron.foundation.mvvm.StateFullViewModelKt.observeWithLifecycle$default' type=kotlin.Int origin=null
              ARG other: CONST Int type=kotlin.Int value=1
            ARG arg1: CONST Int type=kotlin.Int value=0
        then: SET_VAR 'lifecycleOwner: androidx.lifecycle.LifecycleOwner? [assignable] declared in test.citron.foundation.mvvm.StateFullViewModelKt.observeWithLifecycle$default' type=kotlin.Unit origin=EQ
          CALL 'public final fun <get-current> (): T of androidx.compose.runtime.CompositionLocal [inline] declared in androidx.compose.runtime.CompositionLocal' type=androidx.lifecycle.LifecycleOwner origin=GET_PROPERTY
            ARG <this>: TYPE_OP type=androidx.compose.runtime.CompositionLocal<T of androidx.compose.runtime.CompositionLocal> origin=IMPLICIT_CAST typeOperand=androidx.compose.runtime.CompositionLocal<T of androidx.compose.runtime.CompositionLocal>
              CALL 'public final fun <get-LocalLifecycleOwner> (): androidx.compose.runtime.ProvidableCompositionLocal<androidx.lifecycle.LifecycleOwner> declared in androidx.lifecycle.compose.LocalLifecycleOwnerKt' type=androidx.compose.runtime.ProvidableCompositionLocal<androidx.lifecycle.LifecycleOwner> origin=GET_PROPERTY
    WHEN type=kotlin.Unit origin=null
      BRANCH
        if: CALL 'public final fun not (): kotlin.Boolean [operator] declared in kotlin.Boolean' type=kotlin.Boolean origin=EXCLEQ
          ARG <this>: CALL 'public final fun EQEQ (arg0: kotlin.Any?, arg1: kotlin.Any?): kotlin.Boolean declared in kotlin.internal.ir' type=kotlin.Boolean origin=EXCLEQ
            ARG arg0: CALL 'public final fun and (other: kotlin.Int): kotlin.Int [infix] declared in kotlin.Int' type=kotlin.Int origin=null
              ARG <this>: GET_VAR '$mask0: kotlin.Int declared in test.citron.foundation.mvvm.StateFullViewModelKt.observeWithLifecycle$default' type=kotlin.Int origin=null
              ARG other: CONST Int type=kotlin.Int value=2
            ARG arg1: CONST Int type=kotlin.Int value=0
        then: SET_VAR 'minActiveState: androidx.lifecycle.Lifecycle.State? [assignable] declared in test.citron.foundation.mvvm.StateFullViewModelKt.observeWithLifecycle$default' type=kotlin.Unit origin=EQ
          GET_FIELD 'FIELD FIELD_FOR_ENUM_ENTRY name:STARTED type:androidx.lifecycle.Lifecycle.State visibility:public [final,static] declared in androidx.lifecycle.Lifecycle.State' type=androidx.lifecycle.Lifecycle.State origin=null
    RETURN type=kotlin.Nothing from='public final fun observeWithLifecycle$default <T> (<this>: kotlinx.coroutines.flow.Flow<T of test.citron.foundation.mvvm.StateFullViewModelKt.observeWithLifecycle$default>, lifecycleOwner: androidx.lifecycle.LifecycleOwner?, minActiveState: androidx.lifecycle.Lifecycle.State?, action: kotlin.coroutines.SuspendFunction1<T of test.citron.foundation.mvvm.StateFullViewModelKt.observeWithLifecycle$default, kotlin.Unit>, $mask0: kotlin.Int, $handler: kotlin.Any?): kotlin.Unit [inline] declared in test.citron.foundation.mvvm.StateFullViewModelKt'
      CALL 'public final fun observeWithLifecycle <T> (<this>: kotlinx.coroutines.flow.Flow<T of test.citron.foundation.mvvm.StateFullViewModelKt.observeWithLifecycle>, lifecycleOwner: androidx.lifecycle.LifecycleOwner, minActiveState: androidx.lifecycle.Lifecycle.State, action: kotlin.coroutines.SuspendFunction1<T of test.citron.foundation.mvvm.StateFullViewModelKt.observeWithLifecycle, kotlin.Unit>): kotlin.Unit [inline] declared in test.citron.foundation.mvvm.StateFullViewModelKt' type=kotlin.Unit origin=DEFAULT_STUB_CALL_TO_IMPLEMENTATION
        TYPE_ARG T: T of test.citron.foundation.mvvm.StateFullViewModelKt.observeWithLifecycle$default
        ARG <this>: GET_VAR '<this>: kotlinx.coroutines.flow.Flow<T of test.citron.foundation.mvvm.StateFullViewModelKt.observeWithLifecycle$default> declared in test.citron.foundation.mvvm.StateFullViewModelKt.observeWithLifecycle$default' type=kotlinx.coroutines.flow.Flow<T of test.citron.foundation.mvvm.StateFullViewModelKt.observeWithLifecycle$default> origin=null
        ARG lifecycleOwner: TYPE_OP type=androidx.lifecycle.LifecycleOwner origin=IMPLICIT_CAST typeOperand=androidx.lifecycle.LifecycleOwner
          GET_VAR 'lifecycleOwner: androidx.lifecycle.LifecycleOwner? [assignable] declared in test.citron.foundation.mvvm.StateFullViewModelKt.observeWithLifecycle$default' type=androidx.lifecycle.LifecycleOwner? origin=null
        ARG minActiveState: TYPE_OP type=androidx.lifecycle.Lifecycle.State origin=IMPLICIT_CAST typeOperand=androidx.lifecycle.Lifecycle.State
          GET_VAR 'minActiveState: androidx.lifecycle.Lifecycle.State? [assignable] declared in test.citron.foundation.mvvm.StateFullViewModelKt.observeWithLifecycle$default' type=androidx.lifecycle.Lifecycle.State? origin=null
        ARG action: GET_VAR 'action: kotlin.coroutines.SuspendFunction1<T of test.citron.foundation.mvvm.StateFullViewModelKt.observeWithLifecycle$default, kotlin.Unit> [noinline] declared in test.citron.foundation.mvvm.StateFullViewModelKt.observeWithLifecycle$default' type=kotlin.coroutines.SuspendFunction1<T of test.citron.foundation.mvvm.StateFullViewModelKt.observeWithLifecycle$default, kotlin.Unit> origin=null

	at org.jetbrains.kotlin.backend.jvm.codegen.FunctionCodegen.generate(FunctionCodegen.kt:50)
	at org.jetbrains.kotlin.backend.jvm.codegen.FunctionCodegen.generate$default(FunctionCodegen.kt:43)
	at org.jetbrains.kotlin.backend.jvm.codegen.ClassCodegen.generateMethodNode(ClassCodegen.kt:428)
	at org.jetbrains.kotlin.backend.jvm.codegen.ClassCodegen.generateMethod(ClassCodegen.kt:439)
	at org.jetbrains.kotlin.backend.jvm.codegen.ClassCodegen.generate(ClassCodegen.kt:164)
	at org.jetbrains.kotlin.backend.jvm.JvmIrCodegenFactory.generateFile(JvmIrCodegenFactory.kt:419)
	at org.jetbrains.kotlin.backend.jvm.JvmIrCodegenFactory.invokeCodegen(JvmIrCodegenFactory.kt:388)
	at org.jetbrains.kotlin.cli.jvm.compiler.KotlinToJVMBytecodeCompiler.runCodegen$cli(KotlinToJVMBytecodeCompiler.kt:432)
	at org.jetbrains.kotlin.cli.pipeline.jvm.JvmBackendPipelinePhase.executePhase(JvmBackendPipelinePhase.kt:95)
	at org.jetbrains.kotlin.cli.pipeline.jvm.JvmBackendPipelinePhase.executePhase(JvmBackendPipelinePhase.kt:36)
	at org.jetbrains.kotlin.cli.pipeline.jvm.JvmBackendPipelinePhase.executePhase(JvmBackendPipelinePhase.kt:29)
	at org.jetbrains.kotlin.cli.pipeline.PipelinePhase.phaseBody(PipelinePhase.kt:68)
	at org.jetbrains.kotlin.cli.pipeline.PipelinePhase.phaseBody(PipelinePhase.kt:58)
	at org.jetbrains.kotlin.config.phaser.NamedCompilerPhase.invoke(CompilerPhase.kt:102)
	at org.jetbrains.kotlin.backend.common.phaser.CompositePhase.invoke(PhaseBuilders.kt:22)
	at org.jetbrains.kotlin.config.phaser.CompilerPhaseKt.invokeToplevel(CompilerPhase.kt:53)
	at org.jetbrains.kotlin.cli.pipeline.AbstractCliPipeline.runPhasedPipeline(AbstractCliPipeline.kt:109)
	at org.jetbrains.kotlin.cli.pipeline.AbstractCliPipeline.execute(AbstractCliPipeline.kt:68)
	at org.jetbrains.kotlin.cli.jvm.K2JVMCompiler.doExecutePhased(K2JVMCompiler.kt:78)
	at org.jetbrains.kotlin.cli.jvm.K2JVMCompiler.doExecutePhased(K2JVMCompiler.kt:44)
	at org.jetbrains.kotlin.cli.common.CLICompiler.execImpl(CLICompiler.kt:90)
	at org.jetbrains.kotlin.cli.common.CLICompiler.exec(CLICompiler.kt:352)
	at org.jetbrains.kotlin.incremental.IncrementalJvmCompilerRunnerBase.runCompiler(IncrementalJvmCompilerRunnerBase.kt:175)
	at org.jetbrains.kotlin.incremental.IncrementalJvmCompilerRunnerBase.runCompiler(IncrementalJvmCompilerRunnerBase.kt:38)
	at org.jetbrains.kotlin.incremental.IncrementalCompilerRunner.doCompile(IncrementalCompilerRunner.kt:504)
	at org.jetbrains.kotlin.incremental.IncrementalCompilerRunner.compileImpl(IncrementalCompilerRunner.kt:421)
	at org.jetbrains.kotlin.incremental.IncrementalCompilerRunner.compileNonIncrementally(IncrementalCompilerRunner.kt:306)
	at org.jetbrains.kotlin.incremental.IncrementalCompilerRunner.compile(IncrementalCompilerRunner.kt:133)
	at org.jetbrains.kotlin.daemon.CompileServiceImplBase.execIncrementalCompiler(CompileServiceImpl.kt:679)
	at org.jetbrains.kotlin.daemon.CompileServiceImplBase.access$execIncrementalCompiler(CompileServiceImpl.kt:93)
	at org.jetbrains.kotlin.daemon.CompileServiceImpl.compile(CompileServiceImpl.kt:1806)
	at java.base/jdk.internal.reflect.DirectMethodHandleAccessor.invoke(Unknown Source)
	at java.base/java.lang.reflect.Method.invoke(Unknown Source)
	at java.rmi/sun.rmi.server.UnicastServerRef.dispatch(Unknown Source)
	at java.rmi/sun.rmi.transport.Transport$1.run(Unknown Source)
	at java.rmi/sun.rmi.transport.Transport$1.run(Unknown Source)
	at java.base/java.security.AccessController.doPrivileged(Unknown Source)
	at java.rmi/sun.rmi.transport.Transport.serviceCall(Unknown Source)
	at java.rmi/sun.rmi.transport.tcp.TCPTransport.handleMessages(Unknown Source)
	at java.rmi/sun.rmi.transport.tcp.TCPTransport$ConnectionHandler.run0(Unknown Source)
	at java.rmi/sun.rmi.transport.tcp.TCPTransport$ConnectionHandler.lambda$run$0(Unknown Source)
	at java.base/java.security.AccessController.doPrivileged(Unknown Source)
	at java.rmi/sun.rmi.transport.tcp.TCPTransport$ConnectionHandler.run(Unknown Source)
	at java.base/java.util.concurrent.ThreadPoolExecutor.runWorker(Unknown Source)
	at java.base/java.util.concurrent.ThreadPoolExecutor$Worker.run(Unknown Source)
	at java.base/java.lang.Thread.run(Unknown Source)
Caused by: org.jetbrains.kotlin.codegen.CompilationException: Back-end (JVM) Internal error: Couldn't inline method call: CALL 'public final fun <get-current> (): T of androidx.compose.runtime.CompositionLocal [inline] declared in androidx.compose.runtime.CompositionLocal' type=androidx.lifecycle.LifecycleOwner origin=GET_PROPERTY
Method: null
File is unknown
The root cause java.lang.IllegalStateException was thrown at: org.jetbrains.kotlin.codegen.inline.SourceCompilerForInlineKt.getMethodNode(SourceCompilerForInline.kt:129)
	at org.jetbrains.kotlin.backend.jvm.codegen.IrInlineCodegen.genInlineCall(IrInlineCodegen.kt:82)
	at org.jetbrains.kotlin.backend.jvm.codegen.IrInlineCallGenerator.genCall(IrInlineCallGenerator.kt:36)
	at org.jetbrains.kotlin.backend.jvm.codegen.ExpressionCodegen.visitCall(ExpressionCodegen.kt:586)
	at org.jetbrains.kotlin.backend.jvm.codegen.ExpressionCodegen.visitCall(ExpressionCodegen.kt:135)
	at org.jetbrains.kotlin.ir.expressions.IrCall.accept(IrCall.kt:24)
	at org.jetbrains.kotlin.backend.jvm.codegen.ExpressionCodegen.visitSetValue(ExpressionCodegen.kt:886)
	at org.jetbrains.kotlin.backend.jvm.codegen.ExpressionCodegen.visitSetValue(ExpressionCodegen.kt:135)
	at org.jetbrains.kotlin.ir.expressions.IrSetValue.accept(IrSetValue.kt:21)
	at org.jetbrains.kotlin.backend.jvm.codegen.ExpressionCodegen.visitWhen(ExpressionCodegen.kt:1049)
	at org.jetbrains.kotlin.backend.jvm.codegen.ExpressionCodegen.visitWhen(ExpressionCodegen.kt:135)
	at org.jetbrains.kotlin.ir.expressions.IrWhen.accept(IrWhen.kt:24)
	at org.jetbrains.kotlin.backend.jvm.codegen.ExpressionCodegen.visitStatementContainer(ExpressionCodegen.kt:527)
	at org.jetbrains.kotlin.backend.jvm.codegen.ExpressionCodegen.visitBlockBody(ExpressionCodegen.kt:532)
	at org.jetbrains.kotlin.backend.jvm.codegen.ExpressionCodegen.visitBlockBody(ExpressionCodegen.kt:135)
	at org.jetbrains.kotlin.ir.expressions.IrBlockBody.accept(IrBlockBody.kt:20)
	at org.jetbrains.kotlin.backend.jvm.codegen.ExpressionCodegen.generate(ExpressionCodegen.kt:233)
	at org.jetbrains.kotlin.backend.jvm.codegen.FunctionCodegen.doGenerate(FunctionCodegen.kt:126)
	at org.jetbrains.kotlin.backend.jvm.codegen.FunctionCodegen.generate(FunctionCodegen.kt:47)
	... 45 more
Caused by: java.lang.IllegalStateException: couldn't find inline method Landroidx/compose/runtime/CompositionLocal;.getCurrent()Ljava/lang/Object;
	at org.jetbrains.kotlin.codegen.inline.SourceCompilerForInlineKt.getMethodNode(SourceCompilerForInline.kt:129)
	at org.jetbrains.kotlin.codegen.inline.SourceCompilerForInlineKt.loadCompiledInlineFunction$lambda$2(SourceCompilerForInline.kt:98)
	at org.jetbrains.kotlin.codegen.inline.InlineCache.computeMethodBytes(InlineCache.kt:90)
	at org.jetbrains.kotlin.codegen.inline.SourceCompilerForInlineKt.loadCompiledInlineFunction(SourceCompilerForInline.kt:93)
	at org.jetbrains.kotlin.backend.jvm.codegen.IrSourceCompilerForInline.compileInlineFunction(IrSourceCompilerForInline.kt:96)
	at org.jetbrains.kotlin.backend.jvm.codegen.IrInlineCodegen.genInlineCall(IrInlineCodegen.kt:65)
	... 62 more


